#
# A fatal error has been detected by the Java Runtime Environment:
#
#  EXCEPTION_ACCESS_VIOLATION (0xc0000005) at pc=0x0000000077ce08c5, pid=10076, tid=5764
#
# JRE version: 7.0_03-b05
# Java VM: Java HotSpot(TM) 64-Bit Server VM (22.1-b02 mixed mode windows-amd64 compressed oops)
# Problematic frame:
# C  [ntdll.dll+0x508c5]
#
# Failed to write core dump. Minidumps are not enabled by default on client versions of Windows
#
# If you would like to submit a bug report, please visit:
#   http://bugreport.sun.com/bugreport/crash.jsp
#

---------------  T H R E A D  ---------------

Current thread (0x00000000093e2800):  JavaThread "AWT-EventQueue-0" [_thread_in_Java, id=5764, stack(0x0000000009d40000,0x0000000009e40000)]

siginfo: ExceptionCode=0xc0000005, reading address 0xffffffffffffffff

Registers:
RAX=0x0000000009e3cd78, RBX=0x0000000000000002, RCX=0x0000000009e3ce48, RDX=0x0000000009e3cdb8
RSP=0x0000000009e3cd68, RBP=0x000007fedbc4f780, RSI=0x0000000000000020, RDI=0x0000000000000000
R8 =0x0000000009e32000, R9 =0x0000000000000003, R10=0x0000000000000000, R11=0x0000000000014dff
R12=0x0000000000000000, R13=0x0000000000000050, R14=0x0000000000000003, R15=0x00000000093e2800
RIP=0x0000000077ce08c5, EFLAGS=0x0000000000010202

Top of Stack: (sp=0x0000000009e3cd68)
0x0000000009e3cd68:   0000000000000202 0000000077c9b219
0x0000000009e3cd78:   000007fffff8e000 0000000000000051
0x0000000009e3cd88:   000000000a806fb8 0000000009e3cf01
0x0000000009e3cd98:   0000000000000000 0000000009e3cf80
0x0000000009e3cda8:   0000000000000000 0000000000000008
0x0000000009e3cdb8:   0000000009e40000 0000000009e32000
0x0000000009e3cdc8:   0000000009b5f840 0000000009e3d5e0
0x0000000009e3cdd8:   0000000002b0743a 0000000002b073d0
0x0000000009e3cde8:   0000000000000000 0000000000000000
0x0000000009e3cdf8:   0000000009e3d5e0 0000000009e3d650
0x0000000009e3ce08:   0000000002ad6330 0000000002ad5350
0x0000000009e3ce18:   0000000000000000 0000000009e3d6a8
0x0000000009e3ce28:   0000000009e3d650 0000000009e3d610
0x0000000009e3ce38:   0000000002b45dd8 0000000002b45a50
0x0000000009e3ce48:   0000000000000000 00000000e0b87928
0x0000000009e3ce58:   0000000009e3d610 000000009cb07f5c 

Instructions: (pc=0x0000000077ce08c5)
0x0000000077ce08a5:   d0 00 00 00 4c 89 a1 d8 00 00 00 4c 89 a9 e0 00
0x0000000077ce08b5:   00 00 4c 89 b1 e8 00 00 00 4c 89 b9 f0 00 00 00
0x0000000077ce08c5:   0f ae 81 00 01 00 00 0f 29 81 a0 01 00 00 0f 29
0x0000000077ce08d5:   89 b0 01 00 00 0f 29 91 c0 01 00 00 0f 29 99 d0 


Register to memory mapping:

RAX=0x0000000009e3cd78 is pointing into the stack for thread: 0x00000000093e2800
RBX=0x0000000000000002 is an unknown value
RCX=0x0000000009e3ce48 is pointing into the stack for thread: 0x00000000093e2800
RDX=0x0000000009e3cdb8 is pointing into the stack for thread: 0x00000000093e2800
RSP=0x0000000009e3cd68 is pointing into the stack for thread: 0x00000000093e2800
RBP=0x000007fedbc4f780 is an unknown value
RSI=0x0000000000000020 is an unknown value
RDI=0x0000000000000000 is an unknown value
R8 =0x0000000009e32000 is pointing into the stack for thread: 0x00000000093e2800
R9 =0x0000000000000003 is an unknown value
R10=0x0000000000000000 is an unknown value
R11=0x0000000000014dff is an unknown value
R12=0x0000000000000000 is an unknown value
R13=0x0000000000000050 is an unknown value
R14=0x0000000000000003 is an unknown value
R15=0x00000000093e2800 is a thread


Stack: [0x0000000009d40000,0x0000000009e40000],  sp=0x0000000009e3cd68,  free space=1011k
Native frames: (J=compiled Java code, j=interpreted, Vv=VM code, C=native code)
C  [ntdll.dll+0x508c5]  RtlCaptureContext+0x85

Java frames: (J=compiled Java code, j=interpreted, Vv=VM code)
v  blob 0x0000000002b074ff
j  java.lang.String.equals(Ljava/lang/Object;)Z+8
j  javax.swing.ArrayTable.get(Ljava/lang/Object;)Ljava/lang/Object;+44
j  javax.swing.JComponent.getClientProperty(Ljava/lang/Object;)Ljava/lang/Object;+45
j  javax.swing.PopupFactory.getPopupType(Ljava/awt/Component;Ljava/awt/Component;II)I+70
j  javax.swing.PopupFactory.getPopup(Ljava/awt/Component;Ljava/awt/Component;II)Ljavax/swing/Popup;+20
j  javax.swing.plaf.PopupMenuUI.getPopup(Ljavax/swing/JPopupMenu;II)Ljavax/swing/Popup;+14
j  javax.swing.JPopupMenu.getPopup()Ljavax/swing/Popup;+79
j  javax.swing.JPopupMenu.setVisible(Z)V+92
j  javax.swing.JPopupMenu.show(Ljava/awt/Component;II)V+152
j  javax.swing.plaf.basic.BasicComboPopup.show()V+36
j  javax.swing.plaf.basic.BasicComboPopup.togglePopup()V+15
j  javax.swing.plaf.basic.BasicComboPopup$Handler.mousePressed(Ljava/awt/event/MouseEvent;)V+116
j  java.awt.AWTEventMulticaster.mousePressed(Ljava/awt/event/MouseEvent;)V+21
j  java.awt.Component.processMouseEvent(Ljava/awt/event/MouseEvent;)V+54
j  javax.swing.JComponent.processMouseEvent(Ljava/awt/event/MouseEvent;)V+23
j  java.awt.Component.processEvent(Ljava/awt/AWTEvent;)V+81
j  java.awt.Container.processEvent(Ljava/awt/AWTEvent;)V+18
j  java.awt.Component.dispatchEventImpl(Ljava/awt/AWTEvent;)V+581
j  java.awt.Container.dispatchEventImpl(Ljava/awt/AWTEvent;)V+42
j  java.awt.Component.dispatchEvent(Ljava/awt/AWTEvent;)V+2
j  java.awt.LightweightDispatcher.retargetMouseEvent(Ljava/awt/Component;ILjava/awt/event/MouseEvent;)V+327
j  java.awt.LightweightDispatcher.processMouseEvent(Ljava/awt/event/MouseEvent;)Z+126
j  java.awt.LightweightDispatcher.dispatchEvent(Ljava/awt/AWTEvent;)Z+50
j  java.awt.Container.dispatchEventImpl(Ljava/awt/AWTEvent;)V+12
j  java.awt.Window.dispatchEventImpl(Ljava/awt/AWTEvent;)V+19
j  java.awt.Component.dispatchEvent(Ljava/awt/AWTEvent;)V+2
j  java.awt.EventQueue.dispatchEventImpl(Ljava/awt/AWTEvent;Ljava/lang/Object;)V+41
j  java.awt.EventQueue.access$000(Ljava/awt/EventQueue;Ljava/awt/AWTEvent;Ljava/lang/Object;)V+3
j  java.awt.EventQueue$3.run()Ljava/lang/Void;+12
j  java.awt.EventQueue$3.run()Ljava/lang/Object;+1
v  ~StubRoutines::call_stub
j  java.security.AccessController.doPrivileged(Ljava/security/PrivilegedAction;Ljava/security/AccessControlContext;)Ljava/lang/Object;+0
j  java.security.ProtectionDomain$1.doIntersectionPrivilege(Ljava/security/PrivilegedAction;Ljava/security/AccessControlContext;Ljava/security/AccessControlContext;)Ljava/lang/Object;+28
j  java.security.ProtectionDomain$1.doIntersectionPrivilege(Ljava/security/PrivilegedAction;Ljava/security/AccessControlContext;)Ljava/lang/Object;+6
j  java.awt.EventQueue$4.run()Ljava/lang/Void;+11
j  java.awt.EventQueue$4.run()Ljava/lang/Object;+1
v  ~StubRoutines::call_stub
j  java.security.AccessController.doPrivileged(Ljava/security/PrivilegedAction;Ljava/security/AccessControlContext;)Ljava/lang/Object;+0
j  java.security.ProtectionDomain$1.doIntersectionPrivilege(Ljava/security/PrivilegedAction;Ljava/security/AccessControlContext;Ljava/security/AccessControlContext;)Ljava/lang/Object;+28
j  java.awt.EventQueue.dispatchEvent(Ljava/awt/AWTEvent;)V+73
j  java.awt.EventDispatchThread.pumpOneEventForFilters(I)Z+245
j  java.awt.EventDispatchThread.pumpEventsForFilter(ILjava/awt/Conditional;Ljava/awt/EventFilter;)V+35
j  java.awt.EventDispatchThread.pumpEventsForHierarchy(ILjava/awt/Conditional;Ljava/awt/Component;)V+11
j  java.awt.EventDispatchThread.pumpEvents(ILjava/awt/Conditional;)V+4
j  java.awt.EventDispatchThread.pumpEvents(Ljava/awt/Conditional;)V+3
j  java.awt.EventDispatchThread.run()V+9
v  ~StubRoutines::call_stub

---------------  P R O C E S S  ---------------

Java Threads: ( => current thread )
  0x0000000009a25000 JavaThread "Timer-0" daemon [_thread_blocked, id=9824, stack(0x000000000a5b0000,0x000000000a6b0000)]
  0x00000000094b2000 JavaThread "DestroyJavaVM" [_thread_blocked, id=6408, stack(0x00000000029d0000,0x0000000002ad0000)]
=>0x00000000093e2800 JavaThread "AWT-EventQueue-0" [_thread_in_Java, id=5764, stack(0x0000000009d40000,0x0000000009e40000)]
  0x00000000080d6800 JavaThread "AWT-Windows" daemon [_thread_in_native, id=7204, stack(0x0000000008c10000,0x0000000008d10000)]
  0x00000000080d5800 JavaThread "AWT-Shutdown" [_thread_blocked, id=868, stack(0x0000000008d60000,0x0000000008e60000)]
  0x0000000007f38000 JavaThread "Java2D Disposer" daemon [_thread_blocked, id=4092, stack(0x0000000008ae0000,0x0000000008be0000)]
  0x0000000007d84000 JavaThread "Service Thread" daemon [_thread_blocked, id=10204, stack(0x0000000008750000,0x0000000008850000)]
  0x0000000007d73000 JavaThread "C2 CompilerThread1" daemon [_thread_blocked, id=7744, stack(0x0000000008570000,0x0000000008670000)]
  0x0000000007d6e000 JavaThread "C2 CompilerThread0" daemon [_thread_blocked, id=10080, stack(0x00000000079e0000,0x0000000007ae0000)]
  0x0000000007d6b000 JavaThread "Attach Listener" daemon [_thread_blocked, id=8844, stack(0x0000000008400000,0x0000000008500000)]
  0x0000000007d6a800 JavaThread "Signal Dispatcher" daemon [_thread_blocked, id=6548, stack(0x0000000008220000,0x0000000008320000)]
  0x0000000006edc800 JavaThread "Finalizer" daemon [_thread_blocked, id=9856, stack(0x0000000007c60000,0x0000000007d60000)]
  0x0000000006ed0800 JavaThread "Reference Handler" daemon [_thread_blocked, id=7428, stack(0x0000000007af0000,0x0000000007bf0000)]

Other Threads:
  0x0000000006ebf000 VMThread [stack: 0x0000000007860000,0x0000000007960000] [id=5708]
  0x0000000007d96800 WatcherThread [stack: 0x0000000008930000,0x0000000008a30000] [id=10120]

VM state:not at safepoint (normal execution)

VM Mutex/Monitor currently owned by a thread: None

Heap
 PSYoungGen      total 28224K, used 8994K [0x00000000e0760000, 0x00000000e26e0000, 0x0000000100000000)
  eden space 24192K, 37% used [0x00000000e0760000,0x00000000e10289e8,0x00000000e1f00000)
  from space 4032K, 0% used [0x00000000e22f0000,0x00000000e22f0000,0x00000000e26e0000)
  to   space 4032K, 0% used [0x00000000e1f00000,0x00000000e1f00000,0x00000000e22f0000)
 PSOldGen        total 64576K, used 0K [0x00000000a1600000, 0x00000000a5510000, 0x00000000e0760000)
  object space 64576K, 0% used [0x00000000a1600000,0x00000000a1600000,0x00000000a5510000)
 PSPermGen       total 21248K, used 14004K [0x000000009c400000, 0x000000009d8c0000, 0x00000000a1600000)
  object space 21248K, 65% used [0x000000009c400000,0x000000009d1ad358,0x000000009d8c0000)

Code Cache  [0x0000000002ad0000, 0x0000000002d40000, 0x0000000005ad0000)
 total_blobs=502 nmethods=37 adapters=417 free_code_cache=48559Kb largest_free_block=49706112

Dynamic libraries:
0x000000013f1e0000 - 0x000000013f213000 	C:\Program Files\Java\jdk1.7.0_03\bin\java.exe
0x0000000077c90000 - 0x0000000077e39000 	C:\windows\SYSTEM32\ntdll.dll
0x0000000077b70000 - 0x0000000077c8f000 	C:\windows\system32\kernel32.dll
0x000007fefdb30000 - 0x000007fefdb9b000 	C:\windows\system32\KERNELBASE.dll
0x000007feffec0000 - 0x000007fefff9b000 	C:\windows\system32\ADVAPI32.dll
0x000007feffe20000 - 0x000007feffebf000 	C:\windows\system32\msvcrt.dll
0x000007fefe5c0000 - 0x000007fefe5df000 	C:\windows\SYSTEM32\sechost.dll
0x000007fefde80000 - 0x000007fefdfad000 	C:\windows\system32\RPCRT4.dll
0x0000000077a70000 - 0x0000000077b6a000 	C:\windows\system32\USER32.dll
0x000007feff770000 - 0x000007feff7d7000 	C:\windows\system32\GDI32.dll
0x000007fefde70000 - 0x000007fefde7e000 	C:\windows\system32\LPK.dll
0x000007fefe5e0000 - 0x000007fefe6a9000 	C:\windows\system32\USP10.dll
0x000007fef8ad0000 - 0x000007fef8cc4000 	C:\windows\WinSxS\amd64_microsoft.windows.common-controls_6595b64144ccf1df_6.0.7601.17514_none_fa396087175ac9ac\COMCTL32.dll
0x000007fefe6b0000 - 0x000007fefe721000 	C:\windows\system32\SHLWAPI.dll
0x000007fefd9b0000 - 0x000007fefda07000 	C:\windows\system32\apphelp.dll
0x000007fedbb40000 - 0x000007fedbfa7000 	C:\windows\AppPatch\AppPatch64\AcXtrnal.DLL
0x000007feff9c0000 - 0x000007feff9ee000 	C:\windows\system32\IMM32.DLL
0x000007fefdfb0000 - 0x000007fefe0b9000 	C:\windows\system32\MSCTF.dll
0x000007fefd440000 - 0x000007fefd480000 	C:\windows\system32\nvinitx.dll
0x000000006e740000 - 0x000000006e811000 	C:\Program Files\Java\jdk1.7.0_03\jre\bin\msvcr100.dll
0x000000005a100000 - 0x000000005a7da000 	C:\Program Files\Java\jdk1.7.0_03\jre\bin\server\jvm.dll
0x000007fef60a0000 - 0x000007fef60a9000 	C:\windows\system32\WSOCK32.dll
0x000007feff940000 - 0x000007feff98d000 	C:\windows\system32\WS2_32.dll
0x000007feff9b0000 - 0x000007feff9b8000 	C:\windows\system32\NSI.dll
0x000007fef7fd0000 - 0x000007fef800b000 	C:\windows\system32\WINMM.dll
0x0000000077e50000 - 0x0000000077e57000 	C:\windows\system32\PSAPI.DLL
0x0000000073a10000 - 0x0000000073a1f000 	C:\Program Files\Java\jdk1.7.0_03\jre\bin\verify.dll
0x00000000734f0000 - 0x0000000073518000 	C:\Program Files\Java\jdk1.7.0_03\jre\bin\java.dll
0x00000000739e0000 - 0x00000000739f5000 	C:\Program Files\Java\jdk1.7.0_03\jre\bin\zip.dll
0x000000006b680000 - 0x000000006b814000 	C:\Program Files\Java\jdk1.7.0_03\jre\bin\awt.dll
0x000007fefe4e0000 - 0x000007fefe5b7000 	C:\windows\system32\OLEAUT32.dll
0x000007feffbb0000 - 0x000007feffdb3000 	C:\windows\system32\ole32.dll
0x000007fef8d20000 - 0x000007fef8d76000 	C:\windows\system32\uxtheme.dll
0x000007fef8280000 - 0x000007fef8298000 	C:\windows\system32\dwmapi.dll
0x000007fefda10000 - 0x000007fefda1f000 	C:\windows\system32\CRYPTBASE.dll
0x000007fefe730000 - 0x000007feff4b8000 	C:\windows\system32\SHELL32.dll
0x00000000732a0000 - 0x00000000732d4000 	C:\Program Files\Java\jdk1.7.0_03\jre\bin\fontmanager.dll
0x00000000735e0000 - 0x00000000735f9000 	C:\Program Files\Java\jdk1.7.0_03\jre\bin\net.dll
0x000007fefd200000 - 0x000007fefd255000 	C:\windows\system32\mswsock.dll
0x000007fefd840000 - 0x000007fefd847000 	C:\windows\System32\wship6.dll
0x0000000073480000 - 0x0000000073491000 	C:\Program Files\Java\jdk1.7.0_03\jre\bin\nio.dll
0x0000000073250000 - 0x0000000073291000 	C:\Program Files\Java\jdk1.7.0_03\jre\bin\t2k.dll
0x000007fef9190000 - 0x000007fef9197000 	C:\windows\System32\wshtcpip.dll
0x000007fefd090000 - 0x000007fefd0eb000 	C:\windows\system32\DNSAPI.dll
0x00000000716b0000 - 0x00000000716d6000 	C:\Program Files\Bonjour\mdnsNSP.dll
0x000007fef7eb0000 - 0x000007fef7ed7000 	C:\windows\system32\Iphlpapi.DLL
0x000007fef7e80000 - 0x000007fef7e8b000 	C:\windows\system32\WINNSI.DLL
0x000007feee4b0000 - 0x000007feee4df000 	C:\Program Files\Common Files\Microsoft Shared\Windows Live\WLIDNSP.DLL
0x000007fef76c0000 - 0x000007fef76c8000 	C:\windows\system32\rasadhlp.dll
0x000007fef7b30000 - 0x000007fef7b83000 	C:\windows\System32\fwpuclnt.dll
0x0000000070cd0000 - 0x0000000070cfa000 	C:\Program Files\Java\jdk1.7.0_03\jre\bin\dcpr.dll

VM Arguments:
jvm_args: -Dfile.encoding=UTF-8 
java_command: Dhelp.presentation.report
Launcher Type: SUN_STANDARD

Environment Variables:
JAVA_HOME=C:\Program Files\Java\jdk1.7.0_40
PATH=C:\oraclexe\app\oracle\product\10.2.0\server\bin;C:\Program Files\Java\jdk1.7.0_40\bin;C:\Program Files (x86)\NVIDIA Corporation\PhysX\Common;C:\Program Files\Common Files\Microsoft Shared\Windows Live;C:\Program Files (x86)\Common Files\Microsoft Shared\Windows Live;C:\windows\system32;C:\windows;C:\windows\System32\Wbem;C:\windows\System32\WindowsPowerShell\v1.0\;C:\Program Files (x86)\Windows Live\Shared;C:\Program Files (x86)\Toshiba\Bluetooth Toshiba Stack\sys\;C:\Program Files (x86)\Toshiba\Bluetooth Toshiba Stack\sys\x64\;C:\Program Files (x86)\Smart Projects\IsoBuster;c:\Program Files (x86)\Microsoft SQL Server\100\Tools\Binn\;c:\Program Files\Microsoft SQL Server\100\Tools\Binn\;c:\Program Files\Microsoft SQL Server\100\DTS\Binn\;C:\Program Files (x86)\Microsoft ASP.NET\ASP.NET Web Pages\v1.0\;C:\Program Files (x86)\Windows Kits\8.0\Windows Performance Toolkit\;C:\Program Files\Microsoft SQL Server\110\Tools\Binn\;c:\Program Files (x86)\Microsoft SQL Server\100\Tools\Binn\VSShell\Common7\IDE\;c:\Program Files (x86)\Microsoft SQL Server\100\DTS\Binn\;C:\Program Files\Microsoft\Web Platform Installer\
USERNAME=user
OS=Windows_NT
PROCESSOR_IDENTIFIER=Intel64 Family 6 Model 42 Stepping 7, GenuineIntel



---------------  S Y S T E M  ---------------

OS: Windows 7 , 64 bit Build 7601 Service Pack 1

CPU:total 8 (4 cores per cpu, 2 threads per core) family 6 model 42 stepping 7, cmov, cx8, fxsr, mmx, sse, sse2, sse3, ssse3, sse4.1, sse4.2, popcnt, ht

Memory: 4k page, physical 6195908k(1674876k free), swap 12389952k(5702236k free)

vm_info: Java HotSpot(TM) 64-Bit Server VM (22.1-b02) for windows-amd64 JRE (1.7.0_03-b05), built on Feb  3 2012 20:43:56 by "java_re" with unknown MS VC++:1600

time: Mon Mar 10 04:22:18 2014
elapsed time: 7 seconds

