#
# A fatal error has been detected by the Java Runtime Environment:
#
#  EXCEPTION_ACCESS_VIOLATION (0xc0000005) at pc=0x0000000077af08c5, pid=9452, tid=7912
#
# JRE version: 7.0_03-b05
# Java VM: Java HotSpot(TM) 64-Bit Server VM (22.1-b02 mixed mode windows-amd64 compressed oops)
# Problematic frame:
# C  [ntdll.dll+0x508c5]
#
# Failed to write core dump. Minidumps are not enabled by default on client versions of Windows
#
# If you would like to submit a bug report, please visit:
#   http://bugreport.sun.com/bugreport/crash.jsp
#

---------------  T H R E A D  ---------------

Current thread (0x00000000092a8800):  JavaThread "AWT-EventQueue-0" [_thread_in_Java, id=7912, stack(0x0000000009a80000,0x0000000009b80000)]

siginfo: ExceptionCode=0xc0000005, reading address 0xffffffffffffffff

Registers:
RAX=0x0000000009b7bd58, RBX=0x0000000000000002, RCX=0x0000000009b7be28, RDX=0x0000000009b7bd98
RSP=0x0000000009b7bd48, RBP=0x000007fedd1960f0, RSI=0x0000000000000020, RDI=0x0000000000000000
R8 =0x0000000009b74000, R9 =0x0000000000000003, R10=0x00000000e0a31388, R11=0x0000000000005226
R12=0x0000000000000000, R13=0x0000000000000050, R14=0x0000000000000003, R15=0x00000000092a8800
RIP=0x0000000077af08c5, EFLAGS=0x0000000000010202

Top of Stack: (sp=0x0000000009b7bd48)
0x0000000009b7bd48:   0000000000000202 0000000077aab219
0x0000000009b7bd58:   000007fffff8c000 0000000000000003
0x0000000009b7bd68:   00000000097209e0 0000000000000001
0x0000000009b7bd78:   0000000009720a30 0000000009b7c590
0x0000000009b7bd88:   000000000286743a 00000000028673d0
0x0000000009b7bd98:   0000000009b80000 0000000009b74000
0x0000000009b7bda8:   0000000009b7c590 0000000009b7c600
0x0000000009b7bdb8:   0000000002836862 0000000002835350
0x0000000009b7bdc8:   0000000000000000 0000000009b7c668
0x0000000009b7bdd8:   0000000009b7c600 0000000009b7c5c0
0x0000000009b7bde8:   00000000028bd024 00000000028bcc50
0x0000000009b7bdf8:   0000000000000000 00000000e0a31388
0x0000000009b7be08:   0000000009b7c5c0 000000009c6c079e
0x0000000009b7be18:   00000000000000b9 0000000007f3eb00
0x0000000009b7be28:   00000000092a8800 0000000009b7c5c0
0x0000000009b7be38:   00000000028bd024 00000000028bcc50 

Instructions: (pc=0x0000000077af08c5)
0x0000000077af08a5:   d0 00 00 00 4c 89 a1 d8 00 00 00 4c 89 a9 e0 00
0x0000000077af08b5:   00 00 4c 89 b1 e8 00 00 00 4c 89 b9 f0 00 00 00
0x0000000077af08c5:   0f ae 81 00 01 00 00 0f 29 81 a0 01 00 00 0f 29
0x0000000077af08d5:   89 b0 01 00 00 0f 29 91 c0 01 00 00 0f 29 99 d0 


Register to memory mapping:

RAX=0x0000000009b7bd58 is pointing into the stack for thread: 0x00000000092a8800
RBX=0x0000000000000002 is an unknown value
RCX=0x0000000009b7be28 is pointing into the stack for thread: 0x00000000092a8800
RDX=0x0000000009b7bd98 is pointing into the stack for thread: 0x00000000092a8800
RSP=0x0000000009b7bd48 is pointing into the stack for thread: 0x00000000092a8800
RBP=0x000007fedd1960f0 is an unknown value
RSI=0x0000000000000020 is an unknown value
RDI=0x0000000000000000 is an unknown value
R8 =0x0000000009b74000 is pointing into the stack for thread: 0x00000000092a8800
R9 =0x0000000000000003 is an unknown value
R10=0x00000000e0a31388 is an oop
javax.swing.JButton 
 - klass: 'javax/swing/JButton'
R11=0x0000000000005226 is an unknown value
R12=0x0000000000000000 is an unknown value
R13=0x0000000000000050 is an unknown value
R14=0x0000000000000003 is an unknown value
R15=0x00000000092a8800 is a thread


Stack: [0x0000000009a80000,0x0000000009b80000],  sp=0x0000000009b7bd48,  free space=1007k
Native frames: (J=compiled Java code, j=interpreted, Vv=VM code, C=native code)
C  [ntdll.dll+0x508c5]  RtlCaptureContext+0x85

Java frames: (J=compiled Java code, j=interpreted, Vv=VM code)
v  blob 0x00000000028674ff
j  java.util.ArrayList.indexOf(Ljava/lang/Object;)I+44
j  java.awt.Container.getComponentZOrder(Ljava/awt/Component;)I+30
j  javax.swing.LayoutComparator.compare(Ljava/awt/Component;Ljava/awt/Component;)I+226
j  javax.swing.LayoutComparator.compare(Ljava/lang/Object;Ljava/lang/Object;)I+9
j  java.util.TimSort.countRunAndMakeAscending([Ljava/lang/Object;IILjava/util/Comparator;)I+109
j  java.util.TimSort.sort([Ljava/lang/Object;IILjava/util/Comparator;)V+41
j  java.util.TimSort.sort([Ljava/lang/Object;Ljava/util/Comparator;)V+5
j  java.util.Arrays.sort([Ljava/lang/Object;Ljava/util/Comparator;)V+16
j  java.util.Collections.sort(Ljava/util/List;Ljava/util/Comparator;)V+9
j  javax.swing.SortingFocusTraversalPolicy.enumerateAndSortCycle(Ljava/awt/Container;Ljava/util/List;)V+18
j  javax.swing.SortingFocusTraversalPolicy.getFocusTraversalCycle(Ljava/awt/Container;)Ljava/util/List;+11
j  javax.swing.SortingFocusTraversalPolicy.getFirstComponent(Ljava/awt/Container;)Ljava/awt/Component;+71
j  javax.swing.LayoutFocusTraversalPolicy.getFirstComponent(Ljava/awt/Container;)Ljava/awt/Component;+39
j  javax.swing.SortingFocusTraversalPolicy.getDefaultComponent(Ljava/awt/Container;)Ljava/awt/Component;+2
j  java.awt.FocusTraversalPolicy.getInitialComponent(Ljava/awt/Window;)Ljava/awt/Component;+16
j  java.awt.DefaultKeyboardFocusManager.dispatchEvent(Ljava/awt/AWTEvent;)Z+346
j  java.awt.Component.dispatchEventImpl(Ljava/awt/AWTEvent;)V+144
j  java.awt.Container.dispatchEventImpl(Ljava/awt/AWTEvent;)V+42
j  java.awt.Window.dispatchEventImpl(Ljava/awt/AWTEvent;)V+19
j  java.awt.Component.dispatchEvent(Ljava/awt/AWTEvent;)V+2
j  java.awt.EventQueue.dispatchEventImpl(Ljava/awt/AWTEvent;Ljava/lang/Object;)V+41
j  java.awt.EventQueue.access$000(Ljava/awt/EventQueue;Ljava/awt/AWTEvent;Ljava/lang/Object;)V+3
j  java.awt.EventQueue$3.run()Ljava/lang/Void;+12
j  java.awt.EventQueue$3.run()Ljava/lang/Object;+1
v  ~StubRoutines::call_stub
j  java.security.AccessController.doPrivileged(Ljava/security/PrivilegedAction;Ljava/security/AccessControlContext;)Ljava/lang/Object;+0
j  java.security.ProtectionDomain$1.doIntersectionPrivilege(Ljava/security/PrivilegedAction;Ljava/security/AccessControlContext;Ljava/security/AccessControlContext;)Ljava/lang/Object;+28
j  java.security.ProtectionDomain$1.doIntersectionPrivilege(Ljava/security/PrivilegedAction;Ljava/security/AccessControlContext;)Ljava/lang/Object;+6
j  java.awt.EventQueue$4.run()Ljava/lang/Void;+11
j  java.awt.EventQueue$4.run()Ljava/lang/Object;+1
v  ~StubRoutines::call_stub
j  java.security.AccessController.doPrivileged(Ljava/security/PrivilegedAction;Ljava/security/AccessControlContext;)Ljava/lang/Object;+0
j  java.security.ProtectionDomain$1.doIntersectionPrivilege(Ljava/security/PrivilegedAction;Ljava/security/AccessControlContext;Ljava/security/AccessControlContext;)Ljava/lang/Object;+28
j  java.awt.EventQueue.dispatchEvent(Ljava/awt/AWTEvent;)V+73
j  java.awt.SequencedEvent.dispatch()V+110
j  java.awt.EventQueue.dispatchEventImpl(Ljava/awt/AWTEvent;Ljava/lang/Object;)V+21
j  java.awt.EventQueue.access$000(Ljava/awt/EventQueue;Ljava/awt/AWTEvent;Ljava/lang/Object;)V+3
j  java.awt.EventQueue$3.run()Ljava/lang/Void;+12
j  java.awt.EventQueue$3.run()Ljava/lang/Object;+1
v  ~StubRoutines::call_stub
j  java.security.AccessController.doPrivileged(Ljava/security/PrivilegedAction;Ljava/security/AccessControlContext;)Ljava/lang/Object;+0
j  java.security.ProtectionDomain$1.doIntersectionPrivilege(Ljava/security/PrivilegedAction;Ljava/security/AccessControlContext;Ljava/security/AccessControlContext;)Ljava/lang/Object;+28
j  java.security.ProtectionDomain$1.doIntersectionPrivilege(Ljava/security/PrivilegedAction;Ljava/security/AccessControlContext;)Ljava/lang/Object;+6
j  java.awt.EventQueue$4.run()Ljava/lang/Void;+11
j  java.awt.EventQueue$4.run()Ljava/lang/Object;+1
v  ~StubRoutines::call_stub
j  java.security.AccessController.doPrivileged(Ljava/security/PrivilegedAction;Ljava/security/AccessControlContext;)Ljava/lang/Object;+0
j  java.security.ProtectionDomain$1.doIntersectionPrivilege(Ljava/security/PrivilegedAction;Ljava/security/AccessControlContext;Ljava/security/AccessControlContext;)Ljava/lang/Object;+28
j  java.awt.EventQueue.dispatchEvent(Ljava/awt/AWTEvent;)V+73
j  java.awt.EventDispatchThread.pumpOneEventForFilters(I)Z+245
j  java.awt.EventDispatchThread.pumpEventsForFilter(ILjava/awt/Conditional;Ljava/awt/EventFilter;)V+35
j  java.awt.EventDispatchThread.pumpEventsForHierarchy(ILjava/awt/Conditional;Ljava/awt/Component;)V+11
j  java.awt.EventDispatchThread.pumpEvents(ILjava/awt/Conditional;)V+4
j  java.awt.EventDispatchThread.pumpEvents(Ljava/awt/Conditional;)V+3
j  java.awt.EventDispatchThread.run()V+9
v  ~StubRoutines::call_stub

---------------  P R O C E S S  ---------------

Java Threads: ( => current thread )
  0x0000000009408000 JavaThread "Image Fetcher 1" daemon [_thread_blocked, id=5060, stack(0x000000000a270000,0x000000000a370000)]
  0x00000000093fd000 JavaThread "Image Fetcher 0" daemon [_thread_blocked, id=11828, stack(0x0000000009bc0000,0x0000000009cc0000)]
  0x00000000092ab000 JavaThread "DestroyJavaVM" [_thread_blocked, id=11716, stack(0x0000000002690000,0x0000000002790000)]
=>0x00000000092a8800 JavaThread "AWT-EventQueue-0" [_thread_in_Java, id=7912, stack(0x0000000009a80000,0x0000000009b80000)]
  0x0000000007e5f000 JavaThread "AWT-Windows" daemon [_thread_in_native, id=6752, stack(0x0000000008b90000,0x0000000008c90000)]
  0x0000000007e5e000 JavaThread "AWT-Shutdown" [_thread_blocked, id=11020, stack(0x0000000008960000,0x0000000008a60000)]
  0x0000000007e5b000 JavaThread "Java2D Disposer" daemon [_thread_blocked, id=11920, stack(0x0000000008860000,0x0000000008960000)]
  0x0000000007c27800 JavaThread "Service Thread" daemon [_thread_blocked, id=7032, stack(0x00000000086b0000,0x00000000087b0000)]
  0x0000000007c0e800 JavaThread "C2 CompilerThread1" daemon [_thread_blocked, id=8540, stack(0x0000000007840000,0x0000000007940000)]
  0x0000000007c09800 JavaThread "C2 CompilerThread0" daemon [_thread_blocked, id=10556, stack(0x00000000083e0000,0x00000000084e0000)]
  0x0000000007c07000 JavaThread "Attach Listener" daemon [_thread_blocked, id=10732, stack(0x0000000008240000,0x0000000008340000)]
  0x0000000006e8f800 JavaThread "Signal Dispatcher" daemon [_thread_blocked, id=5600, stack(0x00000000080c0000,0x00000000081c0000)]
  0x0000000006d9b800 JavaThread "Finalizer" daemon [_thread_blocked, id=8208, stack(0x0000000007b00000,0x0000000007c00000)]
  0x0000000006d8f800 JavaThread "Reference Handler" daemon [_thread_blocked, id=9100, stack(0x0000000007a00000,0x0000000007b00000)]

Other Threads:
  0x0000000006d7e000 VMThread [stack: 0x0000000007720000,0x0000000007820000] [id=8908]
  0x0000000007c34800 WatcherThread [stack: 0x0000000008510000,0x0000000008610000] [id=10956]

VM state:not at safepoint (normal execution)

VM Mutex/Monitor currently owned by a thread: None

Heap
 PSYoungGen      total 28224K, used 7098K [0x00000000e0760000, 0x00000000e26e0000, 0x0000000100000000)
  eden space 24192K, 29% used [0x00000000e0760000,0x00000000e0e4e9b0,0x00000000e1f00000)
  from space 4032K, 0% used [0x00000000e22f0000,0x00000000e22f0000,0x00000000e26e0000)
  to   space 4032K, 0% used [0x00000000e1f00000,0x00000000e1f00000,0x00000000e22f0000)
 PSOldGen        total 64576K, used 0K [0x00000000a1600000, 0x00000000a5510000, 0x00000000e0760000)
  object space 64576K, 0% used [0x00000000a1600000,0x00000000a1600000,0x00000000a5510000)
 PSPermGen       total 21248K, used 11763K [0x000000009c400000, 0x000000009d8c0000, 0x00000000a1600000)
  object space 21248K, 55% used [0x000000009c400000,0x000000009cf7cc80,0x000000009d8c0000)

Code Cache  [0x0000000002830000, 0x0000000002aa0000, 0x0000000005830000)
 total_blobs=477 nmethods=36 adapters=393 free_code_cache=48558Kb largest_free_block=49713984

Dynamic libraries:
0x000000013f640000 - 0x000000013f673000 	C:\Program Files\Java\jdk1.7.0_03\bin\java.exe
0x0000000077aa0000 - 0x0000000077c49000 	C:\windows\SYSTEM32\ntdll.dll
0x0000000077880000 - 0x000000007799f000 	C:\windows\system32\kernel32.dll
0x000007fefdc10000 - 0x000007fefdc7b000 	C:\windows\system32\KERNELBASE.dll
0x000007fefdc90000 - 0x000007fefdd6b000 	C:\windows\system32\ADVAPI32.dll
0x000007fefe5d0000 - 0x000007fefe66f000 	C:\windows\system32\msvcrt.dll
0x000007fefdde0000 - 0x000007fefddff000 	C:\windows\SYSTEM32\sechost.dll
0x000007fefee90000 - 0x000007fefefbd000 	C:\windows\system32\RPCRT4.dll
0x00000000779a0000 - 0x0000000077a9a000 	C:\windows\system32\USER32.dll
0x000007fefdd70000 - 0x000007fefddd7000 	C:\windows\system32\GDI32.dll
0x000007fefee80000 - 0x000007fefee8e000 	C:\windows\system32\LPK.dll
0x000007fefed80000 - 0x000007fefee49000 	C:\windows\system32\USP10.dll
0x000007fef88e0000 - 0x000007fef8ad4000 	C:\windows\WinSxS\amd64_microsoft.windows.common-controls_6595b64144ccf1df_6.0.7601.17514_none_fa396087175ac9ac\COMCTL32.dll
0x000007fefeb20000 - 0x000007fefeb91000 	C:\windows\system32\SHLWAPI.dll
0x000007fefd7c0000 - 0x000007fefd817000 	C:\windows\system32\apphelp.dll
0x000007fedd040000 - 0x000007fedd4a7000 	C:\windows\AppPatch\AppPatch64\AcXtrnal.DLL
0x000007fefee50000 - 0x000007fefee7e000 	C:\windows\system32\IMM32.DLL
0x000007fefe690000 - 0x000007fefe799000 	C:\windows\system32\MSCTF.dll
0x000007fefd290000 - 0x000007fefd2d0000 	C:\windows\system32\nvinitx.dll
0x000000006e380000 - 0x000000006e451000 	C:\Program Files\Java\jdk1.7.0_03\jre\bin\msvcr100.dll
0x0000000056b50000 - 0x000000005722a000 	C:\Program Files\Java\jdk1.7.0_03\jre\bin\server\jvm.dll
0x000007fef8c20000 - 0x000007fef8c29000 	C:\windows\system32\WSOCK32.dll
0x000007fefe420000 - 0x000007fefe46d000 	C:\windows\system32\WS2_32.dll
0x000007fefdc80000 - 0x000007fefdc88000 	C:\windows\system32\NSI.dll
0x000007fef8020000 - 0x000007fef805b000 	C:\windows\system32\WINMM.dll
0x0000000077c60000 - 0x0000000077c67000 	C:\windows\system32\PSAPI.DLL
0x0000000073e90000 - 0x0000000073e9f000 	C:\Program Files\Java\jdk1.7.0_03\jre\bin\verify.dll
0x0000000073270000 - 0x0000000073298000 	C:\Program Files\Java\jdk1.7.0_03\jre\bin\java.dll
0x0000000073250000 - 0x0000000073265000 	C:\Program Files\Java\jdk1.7.0_03\jre\bin\zip.dll
0x00000000646f0000 - 0x0000000064884000 	C:\Program Files\Java\jdk1.7.0_03\jre\bin\awt.dll
0x000007fefe4f0000 - 0x000007fefe5c7000 	C:\windows\system32\OLEAUT32.dll
0x000007fefdf60000 - 0x000007fefe163000 	C:\windows\system32\ole32.dll
0x000007fef8b30000 - 0x000007fef8b86000 	C:\windows\system32\uxtheme.dll
0x000007fef83c0000 - 0x000007fef83d8000 	C:\windows\system32\dwmapi.dll
0x000007fefd820000 - 0x000007fefd82f000 	C:\windows\system32\CRYPTBASE.dll
0x000007fefefc0000 - 0x000007feffd48000 	C:\windows\system32\SHELL32.dll
0x00000000731f0000 - 0x0000000073224000 	C:\Program Files\Java\jdk1.7.0_03\jre\bin\fontmanager.dll
0x0000000073db0000 - 0x0000000073dc9000 	C:\Program Files\Java\jdk1.7.0_03\jre\bin\net.dll
0x000007fefd110000 - 0x000007fefd165000 	C:\windows\system32\mswsock.dll
0x000007fefd650000 - 0x000007fefd657000 	C:\windows\System32\wship6.dll
0x0000000073230000 - 0x0000000073241000 	C:\Program Files\Java\jdk1.7.0_03\jre\bin\nio.dll
0x000007fefe9e0000 - 0x000007fefea79000 	C:\windows\system32\CLBCatQ.DLL
0x000007fef8210000 - 0x000007fef8371000 	C:\windows\system32\WindowsCodecs.dll
0x000007feeb460000 - 0x000007feeb7c2000 	C:\Program Files (x86)\Adobe\Adobe Creative Cloud\CoreSync\CoreSync_x64.dll
0x000000006a5f0000 - 0x000000006a688000 	C:\windows\system32\MSVCP100.dll
0x000007fefd960000 - 0x000007fefdacc000 	C:\windows\system32\CRYPT32.dll
0x000007fefd8f0000 - 0x000007fefd8ff000 	C:\windows\system32\MSASN1.dll
0x000007fef6aa0000 - 0x000007fef6ac7000 	C:\windows\system32\IPHLPAPI.DLL
0x000007fef6a90000 - 0x000007fef6a9b000 	C:\windows\system32\WINNSI.DLL
0x000007fefe7a0000 - 0x000007fefe9e0000 	C:\windows\system32\WININET.dll
0x000007fefd950000 - 0x000007fefd954000 	C:\windows\system32\api-ms-win-downlevel-user32-l1-1-0.dll
0x000007fefd930000 - 0x000007fefd934000 	C:\windows\system32\api-ms-win-downlevel-shlwapi-l1-1-0.dll
0x000007fefd940000 - 0x000007fefd944000 	C:\windows\system32\api-ms-win-downlevel-version-l1-1-0.dll
0x000007fef8ed0000 - 0x000007fef8edc000 	C:\windows\system32\version.DLL
0x000007fefd920000 - 0x000007fefd923000 	C:\windows\system32\api-ms-win-downlevel-normaliz-l1-1-0.dll
0x0000000077c70000 - 0x0000000077c73000 	C:\windows\system32\normaliz.DLL
0x000007fefe170000 - 0x000007fefe419000 	C:\windows\system32\iertutil.dll
0x000007fefdad0000 - 0x000007fefdad5000 	C:\windows\system32\api-ms-win-downlevel-advapi32-l1-1-0.dll
0x000007fef80d0000 - 0x000007fef80e6000 	C:\windows\system32\NETAPI32.dll
0x000007fef80c0000 - 0x000007fef80cc000 	C:\windows\system32\netutils.dll
0x000007fefd690000 - 0x000007fefd6b3000 	C:\windows\system32\srvcli.dll
0x000007fef80a0000 - 0x000007fef80b5000 	C:\windows\system32\wkscli.dll
0x000007fefcb00000 - 0x000007fefcb1e000 	C:\windows\system32\USERENV.dll
0x000007fefd850000 - 0x000007fefd85f000 	C:\windows\system32\profapi.dll
0x000007fef4b50000 - 0x000007fef4b68000 	C:\windows\system32\MPR.dll
0x000007fef5b60000 - 0x000007fef5d9d000 	C:\PROGRA~1\MICROS~2\Office15\GROOVEEX.DLL
0x00000000744a0000 - 0x00000000744cb000 	C:\windows\system32\ATL100.DLL
0x000007feeb140000 - 0x000007feeb457000 	C:\windows\system32\msi.dll
0x000007feea3f0000 - 0x000007feeac65000 	C:\PROGRA~1\MICROS~2\Office15\1033\GrooveIntlResource.dll
0x0000000074450000 - 0x000000007449b000 	C:\Program Files\AVAST Software\Avast\ashShA64.dll
0x000007fef8be0000 - 0x000007fef8c15000 	C:\windows\system32\EhStorShell.dll
0x000007fefeba0000 - 0x000007fefed77000 	C:\windows\system32\SETUPAPI.dll
0x000007fefdaf0000 - 0x000007fefdb26000 	C:\windows\system32\CFGMGR32.dll
0x000007fefd900000 - 0x000007fefd91a000 	C:\windows\system32\DEVOBJ.dll
0x000007fef87b0000 - 0x000007fef88dc000 	C:\windows\system32\PROPSYS.dll
0x000007fef7d40000 - 0x000007fef7e00000 	C:\Program Files (x86)\Google\Drive\googledrivesync64.dll
0x0000000074370000 - 0x0000000074443000 	C:\windows\WinSxS\amd64_microsoft.vc90.crt_1fc8b3b9a1e18e3b_9.0.30729.6161_none_08e61857a83bc251\MSVCP90.dll
0x0000000069360000 - 0x0000000069403000 	C:\windows\WinSxS\amd64_microsoft.vc90.crt_1fc8b3b9a1e18e3b_9.0.30729.6161_none_08e61857a83bc251\MSVCR90.dll
0x0000000071dd0000 - 0x0000000071e11000 	C:\Program Files\Java\jdk1.7.0_03\jre\bin\t2k.dll
0x00000000725e0000 - 0x000000007260a000 	C:\Program Files\Java\jdk1.7.0_03\jre\bin\dcpr.dll

VM Arguments:
jvm_args: -Dfile.encoding=UTF-8 
java_command: Dhelp.presentation.LoginDoctor
Launcher Type: SUN_STANDARD

Environment Variables:
JAVA_HOME=C:\Program Files\Java\jdk1.7.0_40
PATH=C:\oraclexe\app\oracle\product\10.2.0\server\bin;C:\Program Files\Java\jdk1.7.0_40\bin;C:\Program Files (x86)\NVIDIA Corporation\PhysX\Common;C:\Program Files\Common Files\Microsoft Shared\Windows Live;C:\Program Files (x86)\Common Files\Microsoft Shared\Windows Live;C:\windows\system32;C:\windows;C:\windows\System32\Wbem;C:\windows\System32\WindowsPowerShell\v1.0\;C:\Program Files (x86)\Windows Live\Shared;C:\Program Files (x86)\Toshiba\Bluetooth Toshiba Stack\sys\;C:\Program Files (x86)\Toshiba\Bluetooth Toshiba Stack\sys\x64\;C:\Program Files (x86)\Smart Projects\IsoBuster;c:\Program Files (x86)\Microsoft SQL Server\100\Tools\Binn\;c:\Program Files\Microsoft SQL Server\100\Tools\Binn\;c:\Program Files\Microsoft SQL Server\100\DTS\Binn\;C:\Program Files (x86)\Microsoft ASP.NET\ASP.NET Web Pages\v1.0\;C:\Program Files (x86)\Windows Kits\8.0\Windows Performance Toolkit\;C:\Program Files\Microsoft SQL Server\110\Tools\Binn\;c:\Program Files (x86)\Microsoft SQL Server\100\Tools\Binn\VSShell\Common7\IDE\;c:\Program Files (x86)\Microsoft SQL Server\100\DTS\Binn\;C:\Program Files\Microsoft\Web Platform Installer\
USERNAME=user
OS=Windows_NT
PROCESSOR_IDENTIFIER=Intel64 Family 6 Model 42 Stepping 7, GenuineIntel



---------------  S Y S T E M  ---------------

OS: Windows 7 , 64 bit Build 7601 Service Pack 1

CPU:total 8 (4 cores per cpu, 2 threads per core) family 6 model 42 stepping 7, cmov, cx8, fxsr, mmx, sse, sse2, sse3, ssse3, sse4.1, sse4.2, popcnt, ht

Memory: 4k page, physical 6195908k(1842232k free), swap 12389952k(5512652k free)

vm_info: Java HotSpot(TM) 64-Bit Server VM (22.1-b02) for windows-amd64 JRE (1.7.0_03-b05), built on Feb  3 2012 20:43:56 by "java_re" with unknown MS VC++:1600

time: Thu Mar 06 16:07:46 2014
elapsed time: 2 seconds

