#
# A fatal error has been detected by the Java Runtime Environment:
#
#  EXCEPTION_ACCESS_VIOLATION (0xc0000005) at pc=0x0000000077af08c5, pid=1884, tid=8004
#
# JRE version: 7.0_03-b05
# Java VM: Java HotSpot(TM) 64-Bit Server VM (22.1-b02 mixed mode windows-amd64 compressed oops)
# Problematic frame:
# C  [ntdll.dll+0x508c5]
#
# Failed to write core dump. Minidumps are not enabled by default on client versions of Windows
#
# If you would like to submit a bug report, please visit:
#   http://bugreport.sun.com/bugreport/crash.jsp
#

---------------  T H R E A D  ---------------

Current thread (0x0000000008f19800):  JavaThread "AWT-EventQueue-0" [_thread_in_Java, id=8004, stack(0x00000000097b0000,0x00000000098b0000)]

siginfo: ExceptionCode=0xc0000005, reading address 0xffffffffffffffff

Registers:
RAX=0x00000000098ab698, RBX=0x0000000000000002, RCX=0x00000000098ab768, RDX=0x00000000098ab6d8
RSP=0x00000000098ab688, RBP=0x000007fedfab4dd0, RSI=0x0000000000000020, RDI=0x0000000000000000
R8 =0x00000000098a3000, R9 =0x0000000000000003, R10=0x00000000e0d20f80, R11=0x0000000000005214
R12=0x0000000000000000, R13=0x0000000000000050, R14=0x0000000000000003, R15=0x0000000008f19800
RIP=0x0000000077af08c5, EFLAGS=0x0000000000010202

Top of Stack: (sp=0x00000000098ab688)
0x00000000098ab688:   0000000000000202 0000000077aab219
0x00000000098ab698:   000007fffff8c000 0000000000000003
0x00000000098ab6a8:   0000000007ab4370 0000000000000001
0x00000000098ab6b8:   0000000007ab4320 00000000098abed0
0x00000000098ab6c8:   0000000002b1743a 0000000002b173d0
0x00000000098ab6d8:   00000000098b0000 00000000098a3000
0x00000000098ab6e8:   00000000098abed0 00000000098abf40
0x00000000098ab6f8:   0000000002ae6862 0000000002ae5350
0x00000000098ab708:   0000000000000000 00000000098abfa8
0x00000000098ab718:   00000000098abf40 00000000098abf00
0x00000000098ab728:   0000000002b67d24 0000000002b67950
0x00000000098ab738:   0000000000000000 00000000e0d20f80
0x00000000098ab748:   00000000098abf00 000000009c6c0ee6
0x00000000098ab758:   00000000000000b9 0000000007b93d50
0x00000000098ab768:   0000000008f19800 00000000098abf00
0x00000000098ab778:   0000000002b67d24 0000000002b67950 

Instructions: (pc=0x0000000077af08c5)
0x0000000077af08a5:   d0 00 00 00 4c 89 a1 d8 00 00 00 4c 89 a9 e0 00
0x0000000077af08b5:   00 00 4c 89 b1 e8 00 00 00 4c 89 b9 f0 00 00 00
0x0000000077af08c5:   0f ae 81 00 01 00 00 0f 29 81 a0 01 00 00 0f 29
0x0000000077af08d5:   89 b0 01 00 00 0f 29 91 c0 01 00 00 0f 29 99 d0 


Register to memory mapping:

RAX=0x00000000098ab698 is pointing into the stack for thread: 0x0000000008f19800
RBX=0x0000000000000002 is an unknown value
RCX=0x00000000098ab768 is pointing into the stack for thread: 0x0000000008f19800
RDX=0x00000000098ab6d8 is pointing into the stack for thread: 0x0000000008f19800
RSP=0x00000000098ab688 is pointing into the stack for thread: 0x0000000008f19800
RBP=0x000007fedfab4dd0 is an unknown value
RSI=0x0000000000000020 is an unknown value
RDI=0x0000000000000000 is an unknown value
R8 =0x00000000098a3000 is pointing into the stack for thread: 0x0000000008f19800
R9 =0x0000000000000003 is an unknown value
R10=0x00000000e0d20f80 is an oop
javax.swing.plaf.synth.SynthComboBoxUI$SynthComboBoxRenderer 
 - klass: 'javax/swing/plaf/synth/SynthComboBoxUI$SynthComboBoxRenderer'
R11=0x0000000000005214 is an unknown value
R12=0x0000000000000000 is an unknown value
R13=0x0000000000000050 is an unknown value
R14=0x0000000000000003 is an unknown value
R15=0x0000000008f19800 is a thread


Stack: [0x00000000097b0000,0x00000000098b0000],  sp=0x00000000098ab688,  free space=1005k
Native frames: (J=compiled Java code, j=interpreted, Vv=VM code, C=native code)
C  [ntdll.dll+0x508c5]  RtlCaptureContext+0x85

Java frames: (J=compiled Java code, j=interpreted, Vv=VM code)
v  blob 0x0000000002b174ff
j  java.util.ArrayList.indexOf(Ljava/lang/Object;)I+44
j  java.awt.Container.getComponentZOrder(Ljava/awt/Component;)I+30
j  java.awt.Component.getSiblingIndexAbove()I+17
j  java.awt.Component.getHWPeerAboveMe()Ljava/awt/peer/ComponentPeer;+10
j  java.awt.Component.updateZOrder()V+5
j  java.awt.Component.addNotify()V+334
j  java.awt.Container.addNotify()V+8
j  javax.swing.JComponent.addNotify()V+1
j  java.awt.Container.addImpl(Ljava/awt/Component;Ljava/lang/Object;I)V+200
j  javax.swing.CellRendererPane.addImpl(Ljava/awt/Component;Ljava/lang/Object;I)V+13
j  java.awt.Container.add(Ljava/awt/Component;)Ljava/awt/Component;+4
j  javax.swing.plaf.basic.BasicComboBoxUI.getSizeForComponent(Ljava/awt/Component;)Ljava/awt/Dimension;+5
j  javax.swing.plaf.synth.SynthComboBoxUI.getDefaultSize()Ljava/awt/Dimension;+23
j  javax.swing.plaf.basic.BasicComboBoxUI.getDisplaySize()Ljava/awt/Dimension;+286
j  javax.swing.plaf.basic.BasicComboBoxUI.getMinimumSize(Ljavax/swing/JComponent;)Ljava/awt/Dimension;+20
j  javax.swing.plaf.basic.BasicComboBoxUI.getPreferredSize(Ljavax/swing/JComponent;)Ljava/awt/Dimension;+2
j  javax.swing.JComponent.getPreferredSize()Ljava/awt/Dimension;+26
j  javax.swing.GroupLayout$ComponentSpring.calculateNonlinkedPreferredSize(I)I+58
j  javax.swing.GroupLayout$ComponentSpring.calculateNonlinkedMinimumSize(I)I+32
j  javax.swing.GroupLayout$ComponentSpring.calculateMinimumSize(I)I+17
j  javax.swing.GroupLayout$Spring.getMinimumSize(I)I+13
j  javax.swing.GroupLayout$ComponentSpring.calculatePreferredSize(I)I+17
j  javax.swing.GroupLayout$Spring.getPreferredSize(I)I+13
j  javax.swing.GroupLayout$ComponentSpring.getBaseline()I+31
j  javax.swing.GroupLayout$BaselineGroup.calculateBaselineAndResizeBehavior()V+65
j  javax.swing.GroupLayout$BaselineGroup.calculateSize(II)I+13
j  javax.swing.GroupLayout$Group.calculateMinimumSize(I)I+3
j  javax.swing.GroupLayout$ParallelGroup.calculateMinimumSize(I)I+15
j  javax.swing.GroupLayout$Spring.getMinimumSize(I)I+13
j  javax.swing.GroupLayout$Group.getSpringSize(Ljavax/swing/GroupLayout$Spring;II)I+30
j  javax.swing.GroupLayout$Group.calculateSize(II)I+54
j  javax.swing.GroupLayout$Group.calculateMinimumSize(I)I+3
j  javax.swing.GroupLayout$Spring.getMinimumSize(I)I+13
j  javax.swing.GroupLayout$Group.getSpringSize(Ljavax/swing/GroupLayout$Spring;II)I+30
j  javax.swing.GroupLayout$Group.calculateSize(II)I+29
j  javax.swing.GroupLayout$Group.calculateMinimumSize(I)I+3
j  javax.swing.GroupLayout$ParallelGroup.calculateMinimumSize(I)I+15
j  javax.swing.GroupLayout$Spring.getMinimumSize(I)I+13
j  javax.swing.GroupLayout$Group.getSpringSize(Ljavax/swing/GroupLayout$Spring;II)I+30
j  javax.swing.GroupLayout$Group.calculateSize(II)I+29
j  javax.swing.GroupLayout$Group.calculateMinimumSize(I)I+3
j  javax.swing.GroupLayout$Spring.getMinimumSize(I)I+13
j  javax.swing.GroupLayout.calculateAutopadding(Ljavax/swing/GroupLayout$Group;IIII)V+34
j  javax.swing.GroupLayout.prepare(I)V+231
j  javax.swing.GroupLayout.minimumLayoutSize(Ljava/awt/Container;)Ljava/awt/Dimension;+7
j  java.awt.Container.minimumSize()Ljava/awt/Dimension;+43
j  java.awt.Container.getMinimumSize()Ljava/awt/Dimension;+1
j  javax.swing.JComponent.getMinimumSize()Ljava/awt/Dimension;+39
j  javax.swing.GroupLayout$ComponentSpring.calculateNonlinkedMinimumSize(I)I+64
j  javax.swing.GroupLayout$ComponentSpring.calculateMinimumSize(I)I+17
j  javax.swing.GroupLayout$Spring.getMinimumSize(I)I+13
j  javax.swing.GroupLayout$ComponentSpring.calculatePreferredSize(I)I+17
j  javax.swing.GroupLayout$Spring.getPreferredSize(I)I+13
j  javax.swing.GroupLayout$Group.getSpringSize(Ljavax/swing/GroupLayout$Spring;II)I+36
j  javax.swing.GroupLayout$Group.calculateSize(II)I+43
j  javax.swing.GroupLayout$Group.calculatePreferredSize(I)I+3
j  javax.swing.GroupLayout$Spring.getPreferredSize(I)I+13
j  javax.swing.GroupLayout$Group.getSpringSize(Ljavax/swing/GroupLayout$Spring;II)I+36
j  javax.swing.GroupLayout$Group.calculateSize(II)I+54
j  javax.swing.GroupLayout$Group.calculatePreferredSize(I)I+3
j  javax.swing.GroupLayout$Spring.getPreferredSize(I)I+13
j  javax.swing.GroupLayout$Group.getSpringSize(Ljavax/swing/GroupLayout$Spring;II)I+36
j  javax.swing.GroupLayout$Group.calculateSize(II)I+29
j  javax.swing.GroupLayout$Group.calculatePreferredSize(I)I+3
j  javax.swing.GroupLayout$Spring.getPreferredSize(I)I+13
j  javax.swing.GroupLayout$Group.getSpringSize(Ljavax/swing/GroupLayout$Spring;II)I+36
j  javax.swing.GroupLayout$Group.calculateSize(II)I+29
j  javax.swing.GroupLayout$Group.calculatePreferredSize(I)I+3
j  javax.swing.GroupLayout$Spring.getPreferredSize(I)I+13
j  javax.swing.GroupLayout.calculateAutopadding(Ljavax/swing/GroupLayout$Group;IIII)V+44
j  javax.swing.GroupLayout.prepare(I)V+219
j  javax.swing.GroupLayout.preferredLayoutSize(Ljava/awt/Container;)Ljava/awt/Dimension;+7
j  java.awt.Container.preferredSize()Ljava/awt/Dimension;+43
j  java.awt.Container.getPreferredSize()Ljava/awt/Dimension;+1
j  javax.swing.JComponent.getPreferredSize()Ljava/awt/Dimension;+39
j  javax.swing.JRootPane$RootLayout.preferredLayoutSize(Ljava/awt/Container;)Ljava/awt/Dimension;+26
j  java.awt.Container.preferredSize()Ljava/awt/Dimension;+43
j  java.awt.Container.getPreferredSize()Ljava/awt/Dimension;+1
j  javax.swing.JComponent.getPreferredSize()Ljava/awt/Dimension;+39
j  java.awt.BorderLayout.preferredLayoutSize(Ljava/awt/Container;)Ljava/awt/Dimension;+157
j  java.awt.Container.preferredSize()Ljava/awt/Dimension;+43
j  java.awt.Container.getPreferredSize()Ljava/awt/Dimension;+1
j  java.awt.Window.pack()V+32
j  Dhelp.presentation.Commentaire.AddNewSubject.initComponents()V+1002
j  Dhelp.presentation.Commentaire.AddNewSubject.<init>()V+10
j  Dhelp.presentation.Commentaire.AddNewSubject$4.run()V+4
j  java.awt.event.InvocationEvent.dispatch()V+47
j  java.awt.EventQueue.dispatchEventImpl(Ljava/awt/AWTEvent;Ljava/lang/Object;)V+21
j  java.awt.EventQueue.access$000(Ljava/awt/EventQueue;Ljava/awt/AWTEvent;Ljava/lang/Object;)V+3
j  java.awt.EventQueue$3.run()Ljava/lang/Void;+12
j  java.awt.EventQueue$3.run()Ljava/lang/Object;+1
v  ~StubRoutines::call_stub
j  java.security.AccessController.doPrivileged(Ljava/security/PrivilegedAction;Ljava/security/AccessControlContext;)Ljava/lang/Object;+0
j  java.security.ProtectionDomain$1.doIntersectionPrivilege(Ljava/security/PrivilegedAction;Ljava/security/AccessControlContext;Ljava/security/AccessControlContext;)Ljava/lang/Object;+28
j  java.awt.EventQueue.dispatchEvent(Ljava/awt/AWTEvent;)V+46
j  java.awt.EventDispatchThread.pumpOneEventForFilters(I)Z+245
j  java.awt.EventDispatchThread.pumpEventsForFilter(ILjava/awt/Conditional;Ljava/awt/EventFilter;)V+35
j  java.awt.EventDispatchThread.pumpEventsForHierarchy(ILjava/awt/Conditional;Ljava/awt/Component;)V+11
j  java.awt.EventDispatchThread.pumpEvents(ILjava/awt/Conditional;)V+4
j  java.awt.EventDispatchThread.pumpEvents(Ljava/awt/Conditional;)V+3
j  java.awt.EventDispatchThread.run()V+9
v  ~StubRoutines::call_stub

---------------  P R O C E S S  ---------------

Java Threads: ( => current thread )
  0x00000000090a7000 JavaThread "Image Fetcher 0" daemon [_thread_blocked, id=7364, stack(0x00000000098f0000,0x00000000099f0000)]
  0x0000000008f1c000 JavaThread "DestroyJavaVM" [_thread_blocked, id=6344, stack(0x00000000028c0000,0x00000000029c0000)]
=>0x0000000008f19800 JavaThread "AWT-EventQueue-0" [_thread_in_Java, id=8004, stack(0x00000000097b0000,0x00000000098b0000)]
  0x0000000007ad1000 JavaThread "AWT-Windows" daemon [_thread_in_native, id=10900, stack(0x0000000008030000,0x0000000008130000)]
  0x0000000007ad0800 JavaThread "AWT-Shutdown" [_thread_blocked, id=4944, stack(0x0000000008890000,0x0000000008990000)]
  0x0000000007acd800 JavaThread "Java2D Disposer" daemon [_thread_blocked, id=12064, stack(0x0000000007db0000,0x0000000007eb0000)]
  0x00000000078a3800 JavaThread "Service Thread" daemon [_thread_blocked, id=8608, stack(0x00000000084a0000,0x00000000085a0000)]
  0x000000000787e800 JavaThread "C2 CompilerThread1" daemon [_thread_blocked, id=10236, stack(0x0000000008340000,0x0000000008440000)]
  0x0000000007879800 JavaThread "C2 CompilerThread0" daemon [_thread_blocked, id=8920, stack(0x0000000008190000,0x0000000008290000)]
  0x0000000007876800 JavaThread "Attach Listener" daemon [_thread_blocked, id=9032, stack(0x0000000007f20000,0x0000000008020000)]
  0x0000000007876000 JavaThread "Signal Dispatcher" daemon [_thread_blocked, id=8732, stack(0x0000000007cb0000,0x0000000007db0000)]
  0x0000000006b8b800 JavaThread "Finalizer" daemon [_thread_blocked, id=9444, stack(0x0000000007770000,0x0000000007870000)]
  0x0000000006b7f800 JavaThread "Reference Handler" daemon [_thread_blocked, id=1752, stack(0x0000000007660000,0x0000000007760000)]

Other Threads:
  0x0000000006b6e000 VMThread [stack: 0x00000000074d0000,0x00000000075d0000] [id=2012]
  0x00000000078bc800 WatcherThread [stack: 0x0000000008650000,0x0000000008750000] [id=6372]

VM state:not at safepoint (normal execution)

VM Mutex/Monitor currently owned by a thread: None

Heap
 PSYoungGen      total 28224K, used 6298K [0x00000000e0760000, 0x00000000e26e0000, 0x0000000100000000)
  eden space 24192K, 26% used [0x00000000e0760000,0x00000000e0d869f0,0x00000000e1f00000)
  from space 4032K, 0% used [0x00000000e22f0000,0x00000000e22f0000,0x00000000e26e0000)
  to   space 4032K, 0% used [0x00000000e1f00000,0x00000000e1f00000,0x00000000e22f0000)
 PSOldGen        total 64576K, used 0K [0x00000000a1600000, 0x00000000a5510000, 0x00000000e0760000)
  object space 64576K, 0% used [0x00000000a1600000,0x00000000a1600000,0x00000000a5510000)
 PSPermGen       total 21248K, used 12265K [0x000000009c400000, 0x000000009d8c0000, 0x00000000a1600000)
  object space 21248K, 57% used [0x000000009c400000,0x000000009cffa7e8,0x000000009d8c0000)

Code Cache  [0x0000000002ae0000, 0x0000000002d50000, 0x0000000005ae0000)
 total_blobs=474 nmethods=35 adapters=391 free_code_cache=48579Kb largest_free_block=49732608

Dynamic libraries:
0x000000013fa60000 - 0x000000013fa93000 	C:\Program Files\Java\jdk1.7.0_03\bin\java.exe
0x0000000077aa0000 - 0x0000000077c49000 	C:\windows\SYSTEM32\ntdll.dll
0x0000000077880000 - 0x000000007799f000 	C:\windows\system32\kernel32.dll
0x000007fefdc10000 - 0x000007fefdc7b000 	C:\windows\system32\KERNELBASE.dll
0x000007fefdc90000 - 0x000007fefdd6b000 	C:\windows\system32\ADVAPI32.dll
0x000007fefe5d0000 - 0x000007fefe66f000 	C:\windows\system32\msvcrt.dll
0x000007fefdde0000 - 0x000007fefddff000 	C:\windows\SYSTEM32\sechost.dll
0x000007fefee90000 - 0x000007fefefbd000 	C:\windows\system32\RPCRT4.dll
0x00000000779a0000 - 0x0000000077a9a000 	C:\windows\system32\USER32.dll
0x000007fefdd70000 - 0x000007fefddd7000 	C:\windows\system32\GDI32.dll
0x000007fefee80000 - 0x000007fefee8e000 	C:\windows\system32\LPK.dll
0x000007fefed80000 - 0x000007fefee49000 	C:\windows\system32\USP10.dll
0x000007fef88e0000 - 0x000007fef8ad4000 	C:\windows\WinSxS\amd64_microsoft.windows.common-controls_6595b64144ccf1df_6.0.7601.17514_none_fa396087175ac9ac\COMCTL32.dll
0x000007fefeb20000 - 0x000007fefeb91000 	C:\windows\system32\SHLWAPI.dll
0x000007fefd7c0000 - 0x000007fefd817000 	C:\windows\system32\apphelp.dll
0x000007fedf960000 - 0x000007fedfdc7000 	C:\windows\AppPatch\AppPatch64\AcXtrnal.DLL
0x000007fefee50000 - 0x000007fefee7e000 	C:\windows\system32\IMM32.DLL
0x000007fefe690000 - 0x000007fefe799000 	C:\windows\system32\MSCTF.dll
0x000007fefd290000 - 0x000007fefd2d0000 	C:\windows\system32\nvinitx.dll
0x000000006fe90000 - 0x000000006ff61000 	C:\Program Files\Java\jdk1.7.0_03\jre\bin\msvcr100.dll
0x0000000056b50000 - 0x000000005722a000 	C:\Program Files\Java\jdk1.7.0_03\jre\bin\server\jvm.dll
0x000007fef8c20000 - 0x000007fef8c29000 	C:\windows\system32\WSOCK32.dll
0x000007fefe420000 - 0x000007fefe46d000 	C:\windows\system32\WS2_32.dll
0x000007fefdc80000 - 0x000007fefdc88000 	C:\windows\system32\NSI.dll
0x000007fef8020000 - 0x000007fef805b000 	C:\windows\system32\WINMM.dll
0x0000000077c60000 - 0x0000000077c67000 	C:\windows\system32\PSAPI.DLL
0x00000000740f0000 - 0x00000000740ff000 	C:\Program Files\Java\jdk1.7.0_03\jre\bin\verify.dll
0x0000000073290000 - 0x00000000732b8000 	C:\Program Files\Java\jdk1.7.0_03\jre\bin\java.dll
0x0000000073e90000 - 0x0000000073ea5000 	C:\Program Files\Java\jdk1.7.0_03\jre\bin\zip.dll
0x0000000068640000 - 0x00000000687d4000 	C:\Program Files\Java\jdk1.7.0_03\jre\bin\awt.dll
0x000007fefe4f0000 - 0x000007fefe5c7000 	C:\windows\system32\OLEAUT32.dll
0x000007fefdf60000 - 0x000007fefe163000 	C:\windows\system32\ole32.dll
0x000007fef8b30000 - 0x000007fef8b86000 	C:\windows\system32\uxtheme.dll
0x000007fef83c0000 - 0x000007fef83d8000 	C:\windows\system32\dwmapi.dll
0x000007fefd820000 - 0x000007fefd82f000 	C:\windows\system32\CRYPTBASE.dll
0x000007fefefc0000 - 0x000007feffd48000 	C:\windows\system32\SHELL32.dll
0x0000000073230000 - 0x0000000073264000 	C:\Program Files\Java\jdk1.7.0_03\jre\bin\fontmanager.dll
0x0000000073db0000 - 0x0000000073dc9000 	C:\Program Files\Java\jdk1.7.0_03\jre\bin\net.dll
0x000007fefd110000 - 0x000007fefd165000 	C:\windows\system32\mswsock.dll
0x000007fefd650000 - 0x000007fefd657000 	C:\windows\System32\wship6.dll
0x0000000073270000 - 0x0000000073281000 	C:\Program Files\Java\jdk1.7.0_03\jre\bin\nio.dll
0x000007fefe9e0000 - 0x000007fefea79000 	C:\windows\system32\CLBCatQ.DLL
0x000007fef8210000 - 0x000007fef8371000 	C:\windows\system32\WindowsCodecs.dll
0x000007feeb460000 - 0x000007feeb7c2000 	C:\Program Files (x86)\Adobe\Adobe Creative Cloud\CoreSync\CoreSync_x64.dll
0x000000006a5f0000 - 0x000000006a688000 	C:\windows\system32\MSVCP100.dll
0x000007fefd960000 - 0x000007fefdacc000 	C:\windows\system32\CRYPT32.dll
0x000007fefd8f0000 - 0x000007fefd8ff000 	C:\windows\system32\MSASN1.dll
0x000007fef6aa0000 - 0x000007fef6ac7000 	C:\windows\system32\IPHLPAPI.DLL
0x000007fef6a90000 - 0x000007fef6a9b000 	C:\windows\system32\WINNSI.DLL
0x000007fefe7a0000 - 0x000007fefe9e0000 	C:\windows\system32\WININET.dll
0x000007fefd950000 - 0x000007fefd954000 	C:\windows\system32\api-ms-win-downlevel-user32-l1-1-0.dll
0x000007fefd930000 - 0x000007fefd934000 	C:\windows\system32\api-ms-win-downlevel-shlwapi-l1-1-0.dll
0x000007fefd940000 - 0x000007fefd944000 	C:\windows\system32\api-ms-win-downlevel-version-l1-1-0.dll
0x000007fef8ed0000 - 0x000007fef8edc000 	C:\windows\system32\version.DLL
0x000007fefd920000 - 0x000007fefd923000 	C:\windows\system32\api-ms-win-downlevel-normaliz-l1-1-0.dll
0x0000000077c70000 - 0x0000000077c73000 	C:\windows\system32\normaliz.DLL
0x000007fefe170000 - 0x000007fefe419000 	C:\windows\system32\iertutil.dll
0x000007fefdad0000 - 0x000007fefdad5000 	C:\windows\system32\api-ms-win-downlevel-advapi32-l1-1-0.dll
0x000007fef80d0000 - 0x000007fef80e6000 	C:\windows\system32\NETAPI32.dll
0x000007fef80c0000 - 0x000007fef80cc000 	C:\windows\system32\netutils.dll
0x000007fefd690000 - 0x000007fefd6b3000 	C:\windows\system32\srvcli.dll
0x000007fef80a0000 - 0x000007fef80b5000 	C:\windows\system32\wkscli.dll
0x000007fefcb00000 - 0x000007fefcb1e000 	C:\windows\system32\USERENV.dll
0x000007fefd850000 - 0x000007fefd85f000 	C:\windows\system32\profapi.dll
0x000007fef4b50000 - 0x000007fef4b68000 	C:\windows\system32\MPR.dll
0x000007fef5b60000 - 0x000007fef5d9d000 	C:\PROGRA~1\MICROS~2\Office15\GROOVEEX.DLL
0x00000000744a0000 - 0x00000000744cb000 	C:\windows\system32\ATL100.DLL
0x000007feeb140000 - 0x000007feeb457000 	C:\windows\system32\msi.dll
0x000007feea3f0000 - 0x000007feeac65000 	C:\PROGRA~1\MICROS~2\Office15\1033\GrooveIntlResource.dll
0x0000000074450000 - 0x000000007449b000 	C:\Program Files\AVAST Software\Avast\ashShA64.dll
0x000007fef8be0000 - 0x000007fef8c15000 	C:\windows\system32\EhStorShell.dll
0x000007fefeba0000 - 0x000007fefed77000 	C:\windows\system32\SETUPAPI.dll
0x000007fefdaf0000 - 0x000007fefdb26000 	C:\windows\system32\CFGMGR32.dll
0x000007fefd900000 - 0x000007fefd91a000 	C:\windows\system32\DEVOBJ.dll
0x000007fef87b0000 - 0x000007fef88dc000 	C:\windows\system32\PROPSYS.dll
0x000007fef7d40000 - 0x000007fef7e00000 	C:\Program Files (x86)\Google\Drive\googledrivesync64.dll
0x0000000074370000 - 0x0000000074443000 	C:\windows\WinSxS\amd64_microsoft.vc90.crt_1fc8b3b9a1e18e3b_9.0.30729.6161_none_08e61857a83bc251\MSVCP90.dll
0x0000000069360000 - 0x0000000069403000 	C:\windows\WinSxS\amd64_microsoft.vc90.crt_1fc8b3b9a1e18e3b_9.0.30729.6161_none_08e61857a83bc251\MSVCR90.dll
0x0000000073020000 - 0x0000000073061000 	C:\Program Files\Java\jdk1.7.0_03\jre\bin\t2k.dll

VM Arguments:
jvm_args: -Dfile.encoding=UTF-8 
java_command: Dhelp.presentation.Commentaire.AddNewSubject
Launcher Type: SUN_STANDARD

Environment Variables:
JAVA_HOME=C:\Program Files\Java\jdk1.7.0_40
PATH=C:\oraclexe\app\oracle\product\10.2.0\server\bin;C:\Program Files\Java\jdk1.7.0_40\bin;C:\Program Files (x86)\NVIDIA Corporation\PhysX\Common;C:\Program Files\Common Files\Microsoft Shared\Windows Live;C:\Program Files (x86)\Common Files\Microsoft Shared\Windows Live;C:\windows\system32;C:\windows;C:\windows\System32\Wbem;C:\windows\System32\WindowsPowerShell\v1.0\;C:\Program Files (x86)\Windows Live\Shared;C:\Program Files (x86)\Toshiba\Bluetooth Toshiba Stack\sys\;C:\Program Files (x86)\Toshiba\Bluetooth Toshiba Stack\sys\x64\;C:\Program Files (x86)\Smart Projects\IsoBuster;c:\Program Files (x86)\Microsoft SQL Server\100\Tools\Binn\;c:\Program Files\Microsoft SQL Server\100\Tools\Binn\;c:\Program Files\Microsoft SQL Server\100\DTS\Binn\;C:\Program Files (x86)\Microsoft ASP.NET\ASP.NET Web Pages\v1.0\;C:\Program Files (x86)\Windows Kits\8.0\Windows Performance Toolkit\;C:\Program Files\Microsoft SQL Server\110\Tools\Binn\;c:\Program Files (x86)\Microsoft SQL Server\100\Tools\Binn\VSShell\Common7\IDE\;c:\Program Files (x86)\Microsoft SQL Server\100\DTS\Binn\;C:\Program Files\Microsoft\Web Platform Installer\
USERNAME=user
OS=Windows_NT
PROCESSOR_IDENTIFIER=Intel64 Family 6 Model 42 Stepping 7, GenuineIntel



---------------  S Y S T E M  ---------------

OS: Windows 7 , 64 bit Build 7601 Service Pack 1

CPU:total 8 (4 cores per cpu, 2 threads per core) family 6 model 42 stepping 7, cmov, cx8, fxsr, mmx, sse, sse2, sse3, ssse3, sse4.1, sse4.2, popcnt, ht

Memory: 4k page, physical 6195908k(1746744k free), swap 12389952k(5615036k free)

vm_info: Java HotSpot(TM) 64-Bit Server VM (22.1-b02) for windows-amd64 JRE (1.7.0_03-b05), built on Feb  3 2012 20:43:56 by "java_re" with unknown MS VC++:1600

time: Thu Mar 06 16:55:42 2014
elapsed time: 1 seconds

