#
# A fatal error has been detected by the Java Runtime Environment:
#
#  EXCEPTION_ACCESS_VIOLATION (0xc0000005) at pc=0x0000000077ce08c5, pid=8496, tid=7176
#
# JRE version: 7.0_03-b05
# Java VM: Java HotSpot(TM) 64-Bit Server VM (22.1-b02 mixed mode windows-amd64 compressed oops)
# Problematic frame:
# C  [ntdll.dll+0x508c5]
#
# Failed to write core dump. Minidumps are not enabled by default on client versions of Windows
#
# If you would like to submit a bug report, please visit:
#   http://bugreport.sun.com/bugreport/crash.jsp
#

---------------  T H R E A D  ---------------

Current thread (0x0000000008dfc000):  JavaThread "AWT-EventQueue-0" [_thread_in_Java, id=7176, stack(0x0000000009650000,0x0000000009750000)]

siginfo: ExceptionCode=0xc0000005, reading address 0xffffffffffffffff

Registers:
RAX=0x000000000974b848, RBX=0x0000000000000002, RCX=0x000000000974b918, RDX=0x000000000974b888
RSP=0x000000000974b838, RBP=0x000007fedbb19900, RSI=0x0000000000000020, RDI=0x0000000000000000
R8 =0x0000000009743000, R9 =0x0000000000000003, R10=0x00000000e0a37708, R11=0x0000000000003e97
R12=0x0000000000000000, R13=0x0000000000000050, R14=0x0000000000000003, R15=0x0000000008dfc000
RIP=0x0000000077ce08c5, EFLAGS=0x0000000000010202

Top of Stack: (sp=0x000000000974b838)
0x000000000974b838:   0000000000000202 0000000077c9b219
0x000000000974b848:   000007fffff8e000 0000000000000003
0x000000000974b858:   0000000007d310b0 0000000000000001
0x000000000974b868:   0000000007d31060 000000000974c080
0x000000000974b878:   0000000002b8743a 0000000002b873d0
0x000000000974b888:   0000000009750000 0000000009743000
0x000000000974b898:   000000000974c080 000000000974c0f0
0x000000000974b8a8:   0000000002b56862 0000000002b55350
0x000000000974b8b8:   0000000000000000 000000000974c158
0x000000000974b8c8:   000000000974c0f0 000000000974c0b0
0x000000000974b8d8:   0000000002be65a4 0000000002be61d0
0x000000000974b8e8:   0000000000000000 00000000e0a37708
0x000000000974b8f8:   000000000974c0b0 000000009c6c39c6
0x000000000974b908:   00000000000000b9 0000000007fb9290
0x000000000974b918:   0000000008dfc000 000000000974c0b0
0x000000000974b928:   0000000002be65a4 0000000002be61d0 

Instructions: (pc=0x0000000077ce08c5)
0x0000000077ce08a5:   d0 00 00 00 4c 89 a1 d8 00 00 00 4c 89 a9 e0 00
0x0000000077ce08b5:   00 00 4c 89 b1 e8 00 00 00 4c 89 b9 f0 00 00 00
0x0000000077ce08c5:   0f ae 81 00 01 00 00 0f 29 81 a0 01 00 00 0f 29
0x0000000077ce08d5:   89 b0 01 00 00 0f 29 91 c0 01 00 00 0f 29 99 d0 


Register to memory mapping:

RAX=0x000000000974b848 is pointing into the stack for thread: 0x0000000008dfc000
RBX=0x0000000000000002 is an unknown value
RCX=0x000000000974b918 is pointing into the stack for thread: 0x0000000008dfc000
RDX=0x000000000974b888 is pointing into the stack for thread: 0x0000000008dfc000
RSP=0x000000000974b838 is pointing into the stack for thread: 0x0000000008dfc000
RBP=0x000007fedbb19900 is an unknown value
RSI=0x0000000000000020 is an unknown value
RDI=0x0000000000000000 is an unknown value
R8 =0x0000000009743000 is pointing into the stack for thread: 0x0000000008dfc000
R9 =0x0000000000000003 is an unknown value
R10=0x00000000e0a37708 is an oop
javax.swing.JButton 
 - klass: 'javax/swing/JButton'
R11=0x0000000000003e97 is an unknown value
R12=0x0000000000000000 is an unknown value
R13=0x0000000000000050 is an unknown value
R14=0x0000000000000003 is an unknown value
R15=0x0000000008dfc000 is a thread


Stack: [0x0000000009650000,0x0000000009750000],  sp=0x000000000974b838,  free space=1006k
Native frames: (J=compiled Java code, j=interpreted, Vv=VM code, C=native code)
C  [ntdll.dll+0x508c5]  RtlCaptureContext+0x85

Java frames: (J=compiled Java code, j=interpreted, Vv=VM code)
v  blob 0x0000000002b874ff
j  java.util.ArrayList.indexOf(Ljava/lang/Object;)I+44
j  java.awt.Container.getComponentZOrder(Ljava/awt/Component;)I+30
j  javax.swing.LayoutComparator.compare(Ljava/awt/Component;Ljava/awt/Component;)I+226
j  javax.swing.LayoutComparator.compare(Ljava/lang/Object;Ljava/lang/Object;)I+9
j  java.util.TimSort.countRunAndMakeAscending([Ljava/lang/Object;IILjava/util/Comparator;)I+109
j  java.util.TimSort.sort([Ljava/lang/Object;IILjava/util/Comparator;)V+41
j  java.util.TimSort.sort([Ljava/lang/Object;Ljava/util/Comparator;)V+5
j  java.util.Arrays.sort([Ljava/lang/Object;Ljava/util/Comparator;)V+16
j  java.util.Collections.sort(Ljava/util/List;Ljava/util/Comparator;)V+9
j  javax.swing.SortingFocusTraversalPolicy.enumerateAndSortCycle(Ljava/awt/Container;Ljava/util/List;)V+18
j  javax.swing.SortingFocusTraversalPolicy.getFocusTraversalCycle(Ljava/awt/Container;)Ljava/util/List;+11
j  javax.swing.SortingFocusTraversalPolicy.getFirstComponent(Ljava/awt/Container;)Ljava/awt/Component;+71
j  javax.swing.LayoutFocusTraversalPolicy.getFirstComponent(Ljava/awt/Container;)Ljava/awt/Component;+39
j  javax.swing.SortingFocusTraversalPolicy.getDefaultComponent(Ljava/awt/Container;)Ljava/awt/Component;+2
j  java.awt.FocusTraversalPolicy.getInitialComponent(Ljava/awt/Window;)Ljava/awt/Component;+16
j  java.awt.DefaultKeyboardFocusManager.dispatchEvent(Ljava/awt/AWTEvent;)Z+346
j  java.awt.Component.dispatchEventImpl(Ljava/awt/AWTEvent;)V+144
j  java.awt.Container.dispatchEventImpl(Ljava/awt/AWTEvent;)V+42
j  java.awt.Window.dispatchEventImpl(Ljava/awt/AWTEvent;)V+19
j  java.awt.Component.dispatchEvent(Ljava/awt/AWTEvent;)V+2
j  java.awt.EventQueue.dispatchEventImpl(Ljava/awt/AWTEvent;Ljava/lang/Object;)V+41
j  java.awt.EventQueue.access$000(Ljava/awt/EventQueue;Ljava/awt/AWTEvent;Ljava/lang/Object;)V+3
j  java.awt.EventQueue$3.run()Ljava/lang/Void;+12
j  java.awt.EventQueue$3.run()Ljava/lang/Object;+1
v  ~StubRoutines::call_stub
j  java.security.AccessController.doPrivileged(Ljava/security/PrivilegedAction;Ljava/security/AccessControlContext;)Ljava/lang/Object;+0
j  java.security.ProtectionDomain$1.doIntersectionPrivilege(Ljava/security/PrivilegedAction;Ljava/security/AccessControlContext;Ljava/security/AccessControlContext;)Ljava/lang/Object;+28
j  java.security.ProtectionDomain$1.doIntersectionPrivilege(Ljava/security/PrivilegedAction;Ljava/security/AccessControlContext;)Ljava/lang/Object;+6
j  java.awt.EventQueue$4.run()Ljava/lang/Void;+11
j  java.awt.EventQueue$4.run()Ljava/lang/Object;+1
v  ~StubRoutines::call_stub
j  java.security.AccessController.doPrivileged(Ljava/security/PrivilegedAction;Ljava/security/AccessControlContext;)Ljava/lang/Object;+0
j  java.security.ProtectionDomain$1.doIntersectionPrivilege(Ljava/security/PrivilegedAction;Ljava/security/AccessControlContext;Ljava/security/AccessControlContext;)Ljava/lang/Object;+28
j  java.awt.EventQueue.dispatchEvent(Ljava/awt/AWTEvent;)V+73
j  java.awt.SequencedEvent.dispatch()V+110
j  java.awt.EventQueue.dispatchEventImpl(Ljava/awt/AWTEvent;Ljava/lang/Object;)V+21
j  java.awt.EventQueue.access$000(Ljava/awt/EventQueue;Ljava/awt/AWTEvent;Ljava/lang/Object;)V+3
j  java.awt.EventQueue$3.run()Ljava/lang/Void;+12
j  java.awt.EventQueue$3.run()Ljava/lang/Object;+1
v  ~StubRoutines::call_stub
j  java.security.AccessController.doPrivileged(Ljava/security/PrivilegedAction;Ljava/security/AccessControlContext;)Ljava/lang/Object;+0
j  java.security.ProtectionDomain$1.doIntersectionPrivilege(Ljava/security/PrivilegedAction;Ljava/security/AccessControlContext;Ljava/security/AccessControlContext;)Ljava/lang/Object;+28
j  java.security.ProtectionDomain$1.doIntersectionPrivilege(Ljava/security/PrivilegedAction;Ljava/security/AccessControlContext;)Ljava/lang/Object;+6
j  java.awt.EventQueue$4.run()Ljava/lang/Void;+11
j  java.awt.EventQueue$4.run()Ljava/lang/Object;+1
v  ~StubRoutines::call_stub
j  java.security.AccessController.doPrivileged(Ljava/security/PrivilegedAction;Ljava/security/AccessControlContext;)Ljava/lang/Object;+0
j  java.security.ProtectionDomain$1.doIntersectionPrivilege(Ljava/security/PrivilegedAction;Ljava/security/AccessControlContext;Ljava/security/AccessControlContext;)Ljava/lang/Object;+28
j  java.awt.EventQueue.dispatchEvent(Ljava/awt/AWTEvent;)V+73
j  java.awt.EventDispatchThread.pumpOneEventForFilters(I)Z+245
j  java.awt.EventDispatchThread.pumpEventsForFilter(ILjava/awt/Conditional;Ljava/awt/EventFilter;)V+35
j  java.awt.EventDispatchThread.pumpEventsForHierarchy(ILjava/awt/Conditional;Ljava/awt/Component;)V+11
j  java.awt.EventDispatchThread.pumpEvents(ILjava/awt/Conditional;)V+4
j  java.awt.EventDispatchThread.pumpEvents(Ljava/awt/Conditional;)V+3
j  java.awt.EventDispatchThread.run()V+9
v  ~StubRoutines::call_stub

---------------  P R O C E S S  ---------------

Java Threads: ( => current thread )
  0x0000000008e57000 JavaThread "Image Fetcher 0" daemon [_thread_blocked, id=8096, stack(0x0000000009820000,0x0000000009920000)]
  0x0000000007f68000 JavaThread "DestroyJavaVM" [_thread_blocked, id=4772, stack(0x0000000002a50000,0x0000000002b50000)]
=>0x0000000008dfc000 JavaThread "AWT-EventQueue-0" [_thread_in_Java, id=7176, stack(0x0000000009650000,0x0000000009750000)]
  0x0000000007ebc800 JavaThread "AWT-Windows" daemon [_thread_in_native, id=7064, stack(0x0000000007830000,0x0000000007930000)]
  0x0000000007ebc000 JavaThread "AWT-Shutdown" [_thread_blocked, id=9512, stack(0x0000000008680000,0x0000000008780000)]
  0x0000000007ebb000 JavaThread "Java2D Disposer" daemon [_thread_blocked, id=1156, stack(0x0000000007fe0000,0x00000000080e0000)]
  0x0000000007c16800 JavaThread "Service Thread" daemon [_thread_blocked, id=7760, stack(0x0000000008470000,0x0000000008570000)]
  0x0000000007bf5800 JavaThread "C2 CompilerThread1" daemon [_thread_blocked, id=7768, stack(0x0000000008350000,0x0000000008450000)]
  0x0000000007bec800 JavaThread "C2 CompilerThread0" daemon [_thread_blocked, id=2264, stack(0x0000000008210000,0x0000000008310000)]
  0x0000000007be9800 JavaThread "Attach Listener" daemon [_thread_blocked, id=8916, stack(0x00000000075f0000,0x00000000076f0000)]
  0x0000000007be9000 JavaThread "Signal Dispatcher" daemon [_thread_blocked, id=9172, stack(0x0000000008100000,0x0000000008200000)]
  0x0000000006e9b800 JavaThread "Finalizer" daemon [_thread_blocked, id=9960, stack(0x0000000007ae0000,0x0000000007be0000)]
  0x0000000006e8f800 JavaThread "Reference Handler" daemon [_thread_blocked, id=8056, stack(0x0000000007970000,0x0000000007a70000)]

Other Threads:
  0x0000000006e7e000 VMThread [stack: 0x0000000007710000,0x0000000007810000] [id=9356]
  0x0000000007c31800 WatcherThread [stack: 0x0000000008580000,0x0000000008680000] [id=3280]

VM state:not at safepoint (normal execution)

VM Mutex/Monitor currently owned by a thread: None

Heap
 PSYoungGen      total 28224K, used 8926K [0x00000000e0760000, 0x00000000e26e0000, 0x0000000100000000)
  eden space 24192K, 36% used [0x00000000e0760000,0x00000000e1017be0,0x00000000e1f00000)
  from space 4032K, 0% used [0x00000000e22f0000,0x00000000e22f0000,0x00000000e26e0000)
  to   space 4032K, 0% used [0x00000000e1f00000,0x00000000e1f00000,0x00000000e22f0000)
 PSOldGen        total 64576K, used 0K [0x00000000a1600000, 0x00000000a5510000, 0x00000000e0760000)
  object space 64576K, 0% used [0x00000000a1600000,0x00000000a1600000,0x00000000a5510000)
 PSPermGen       total 21248K, used 11068K [0x000000009c400000, 0x000000009d8c0000, 0x00000000a1600000)
  object space 21248K, 52% used [0x000000009c400000,0x000000009cecf170,0x000000009d8c0000)

Code Cache  [0x0000000002b50000, 0x0000000002dc0000, 0x0000000005b50000)
 total_blobs=471 nmethods=43 adapters=380 free_code_cache=48546Kb largest_free_block=49701760

Dynamic libraries:
0x000000013f4a0000 - 0x000000013f4d3000 	C:\Program Files\Java\jdk1.7.0_03\bin\java.exe
0x0000000077c90000 - 0x0000000077e39000 	C:\windows\SYSTEM32\ntdll.dll
0x0000000077b70000 - 0x0000000077c8f000 	C:\windows\system32\kernel32.dll
0x000007fefdb30000 - 0x000007fefdb9b000 	C:\windows\system32\KERNELBASE.dll
0x000007feffec0000 - 0x000007fefff9b000 	C:\windows\system32\ADVAPI32.dll
0x000007feffe20000 - 0x000007feffebf000 	C:\windows\system32\msvcrt.dll
0x000007fefe5c0000 - 0x000007fefe5df000 	C:\windows\SYSTEM32\sechost.dll
0x000007fefde80000 - 0x000007fefdfad000 	C:\windows\system32\RPCRT4.dll
0x0000000077a70000 - 0x0000000077b6a000 	C:\windows\system32\USER32.dll
0x000007feff770000 - 0x000007feff7d7000 	C:\windows\system32\GDI32.dll
0x000007fefde70000 - 0x000007fefde7e000 	C:\windows\system32\LPK.dll
0x000007fefe5e0000 - 0x000007fefe6a9000 	C:\windows\system32\USP10.dll
0x000007fef8ad0000 - 0x000007fef8cc4000 	C:\windows\WinSxS\amd64_microsoft.windows.common-controls_6595b64144ccf1df_6.0.7601.17514_none_fa396087175ac9ac\COMCTL32.dll
0x000007fefe6b0000 - 0x000007fefe721000 	C:\windows\system32\SHLWAPI.dll
0x000007fefd9b0000 - 0x000007fefda07000 	C:\windows\system32\apphelp.dll
0x000007fedb6d0000 - 0x000007fedbb37000 	C:\windows\AppPatch\AppPatch64\AcXtrnal.DLL
0x000007feff9c0000 - 0x000007feff9ee000 	C:\windows\system32\IMM32.DLL
0x000007fefdfb0000 - 0x000007fefe0b9000 	C:\windows\system32\MSCTF.dll
0x000007fefd440000 - 0x000007fefd480000 	C:\windows\system32\nvinitx.dll
0x000000006e740000 - 0x000000006e811000 	C:\Program Files\Java\jdk1.7.0_03\jre\bin\msvcr100.dll
0x000000005a100000 - 0x000000005a7da000 	C:\Program Files\Java\jdk1.7.0_03\jre\bin\server\jvm.dll
0x000007fef60a0000 - 0x000007fef60a9000 	C:\windows\system32\WSOCK32.dll
0x000007feff940000 - 0x000007feff98d000 	C:\windows\system32\WS2_32.dll
0x000007feff9b0000 - 0x000007feff9b8000 	C:\windows\system32\NSI.dll
0x000007fef7fd0000 - 0x000007fef800b000 	C:\windows\system32\WINMM.dll
0x0000000077e50000 - 0x0000000077e57000 	C:\windows\system32\PSAPI.DLL
0x0000000073a10000 - 0x0000000073a1f000 	C:\Program Files\Java\jdk1.7.0_03\jre\bin\verify.dll
0x00000000734f0000 - 0x0000000073518000 	C:\Program Files\Java\jdk1.7.0_03\jre\bin\java.dll
0x00000000739e0000 - 0x00000000739f5000 	C:\Program Files\Java\jdk1.7.0_03\jre\bin\zip.dll
0x000000006b680000 - 0x000000006b814000 	C:\Program Files\Java\jdk1.7.0_03\jre\bin\awt.dll
0x000007fefe4e0000 - 0x000007fefe5b7000 	C:\windows\system32\OLEAUT32.dll
0x000007feffbb0000 - 0x000007feffdb3000 	C:\windows\system32\ole32.dll
0x000007fef8d20000 - 0x000007fef8d76000 	C:\windows\system32\uxtheme.dll
0x000007fef8280000 - 0x000007fef8298000 	C:\windows\system32\dwmapi.dll
0x000007fefda10000 - 0x000007fefda1f000 	C:\windows\system32\CRYPTBASE.dll
0x000007fefe730000 - 0x000007feff4b8000 	C:\windows\system32\SHELL32.dll
0x00000000732a0000 - 0x00000000732d4000 	C:\Program Files\Java\jdk1.7.0_03\jre\bin\fontmanager.dll
0x00000000735e0000 - 0x00000000735f9000 	C:\Program Files\Java\jdk1.7.0_03\jre\bin\net.dll
0x000007fefd200000 - 0x000007fefd255000 	C:\windows\system32\mswsock.dll
0x000007fefd840000 - 0x000007fefd847000 	C:\windows\System32\wship6.dll
0x0000000073480000 - 0x0000000073491000 	C:\Program Files\Java\jdk1.7.0_03\jre\bin\nio.dll
0x0000000073250000 - 0x0000000073291000 	C:\Program Files\Java\jdk1.7.0_03\jre\bin\t2k.dll
0x0000000070cd0000 - 0x0000000070cfa000 	C:\Program Files\Java\jdk1.7.0_03\jre\bin\dcpr.dll

VM Arguments:
jvm_args: -Dfile.encoding=UTF-8 
java_command: Dhelp.presentation.DrhelpMenu
Launcher Type: SUN_STANDARD

Environment Variables:
JAVA_HOME=C:\Program Files\Java\jdk1.7.0_40
PATH=C:\oraclexe\app\oracle\product\10.2.0\server\bin;C:\Program Files\Java\jdk1.7.0_40\bin;C:\Program Files (x86)\NVIDIA Corporation\PhysX\Common;C:\Program Files\Common Files\Microsoft Shared\Windows Live;C:\Program Files (x86)\Common Files\Microsoft Shared\Windows Live;C:\windows\system32;C:\windows;C:\windows\System32\Wbem;C:\windows\System32\WindowsPowerShell\v1.0\;C:\Program Files (x86)\Windows Live\Shared;C:\Program Files (x86)\Toshiba\Bluetooth Toshiba Stack\sys\;C:\Program Files (x86)\Toshiba\Bluetooth Toshiba Stack\sys\x64\;C:\Program Files (x86)\Smart Projects\IsoBuster;c:\Program Files (x86)\Microsoft SQL Server\100\Tools\Binn\;c:\Program Files\Microsoft SQL Server\100\Tools\Binn\;c:\Program Files\Microsoft SQL Server\100\DTS\Binn\;C:\Program Files (x86)\Microsoft ASP.NET\ASP.NET Web Pages\v1.0\;C:\Program Files (x86)\Windows Kits\8.0\Windows Performance Toolkit\;C:\Program Files\Microsoft SQL Server\110\Tools\Binn\;c:\Program Files (x86)\Microsoft SQL Server\100\Tools\Binn\VSShell\Common7\IDE\;c:\Program Files (x86)\Microsoft SQL Server\100\DTS\Binn\;C:\Program Files\Microsoft\Web Platform Installer\
USERNAME=user
OS=Windows_NT
PROCESSOR_IDENTIFIER=Intel64 Family 6 Model 42 Stepping 7, GenuineIntel



---------------  S Y S T E M  ---------------

OS: Windows 7 , 64 bit Build 7601 Service Pack 1

CPU:total 8 (4 cores per cpu, 2 threads per core) family 6 model 42 stepping 7, cmov, cx8, fxsr, mmx, sse, sse2, sse3, ssse3, sse4.1, sse4.2, popcnt, ht

Memory: 4k page, physical 6195908k(1720008k free), swap 12389952k(5839708k free)

vm_info: Java HotSpot(TM) 64-Bit Server VM (22.1-b02) for windows-amd64 JRE (1.7.0_03-b05), built on Feb  3 2012 20:43:56 by "java_re" with unknown MS VC++:1600

time: Mon Mar 10 04:23:47 2014
elapsed time: 1 seconds

